<?xml version="1.0" encoding="UTF-8"?>
<testng-results skipped="0" failed="0" ignored="0" total="1" passed="1">
  <reporter-output>
  </reporter-output>
  <suite name="Suite name : Smoke" duration-ms="38720" started-at="2018-12-05T08:07:16Z" finished-at="2018-12-05T08:07:55Z">
    <groups>
    </groups>
    <test name="Test Name : My TestNG practices" duration-ms="38720" started-at="2018-12-05T08:07:16Z" finished-at="2018-12-05T08:07:55Z">
      <class name="Tests.LoginTest01">
        <test-method status="PASS" signature="initTestMethods()[pri:0, instance:Tests.LoginTest01@3abbfa04]" name="initTestMethods" is-config="true" duration-ms="205" started-at="2018-12-05T08:07:16Z" finished-at="2018-12-05T08:07:16Z">
          <reporter-output>
          </reporter-output>
        </test-method> <!-- initTestMethods -->
        <test-method status="PASS" signature="launchBrowser(java.lang.String, java.lang.String, java.lang.reflect.Method)[pri:0, instance:Tests.LoginTest01@3abbfa04]" name="launchBrowser" is-config="true" duration-ms="14613" started-at="2018-12-05T08:07:16Z" finished-at="2018-12-05T08:07:31Z">
          <params>
            <param index="0">
              <value>
                <![CDATA[chrome]]>
              </value>
            </param>
            <param index="1">
              <value>
                <![CDATA[QA]]>
              </value>
            </param>
            <param index="2">
              <value>
                <![CDATA[public void Tests.LoginTest01.AmazonLogin()]]>
              </value>
            </param>
          </params>
          <reporter-output>
          </reporter-output>
        </test-method> <!-- launchBrowser -->
        <test-method status="PASS" signature="AmazonLogin()[pri:0, instance:Tests.LoginTest01@3abbfa04]" name="AmazonLogin" duration-ms="23875" started-at="2018-12-05T08:07:31Z" finished-at="2018-12-05T08:07:55Z">
          <reporter-output>
          </reporter-output>
        </test-method> <!-- AmazonLogin -->
        <test-method status="PASS" signature="cleanUp()[pri:0, instance:Tests.LoginTest01@3abbfa04]" name="cleanUp" is-config="true" duration-ms="202" started-at="2018-12-05T08:07:55Z" finished-at="2018-12-05T08:07:55Z">
          <reporter-output>
          </reporter-output>
        </test-method> <!-- cleanUp -->
        <test-method status="PASS" signature="cleanTestMethods()[pri:0, instance:Tests.LoginTest01@3abbfa04]" name="cleanTestMethods" is-config="true" duration-ms="437" started-at="2018-12-05T08:07:55Z" finished-at="2018-12-05T08:07:55Z">
          <reporter-output>
          </reporter-output>
        </test-method> <!-- cleanTestMethods -->
      </class> <!-- Tests.LoginTest01 -->
    </test> <!-- Test Name : My TestNG practices -->
  </suite> <!-- Suite name : Smoke -->
</testng-results>
